[debug] > Exec(early(addDefaultCommands), None, None)
[debug] > Exec(addDefaultCommands, None, None)
[debug] > Exec(early(initialize), None, None)
[debug] > Exec(initialize, None, None)
[debug] > Exec(boot, None, None)
[debug] > Exec(writeSbtVersion, None, None)
[debug] > Exec(reload, None, None)
[debug] > Exec(sbtStashOnFailure, None, None)
[debug] > Exec(onFailure loadFailed, None, None)
[debug] > Exec(loadp, None, None)
[info] welcome to sbt 1.6.2 (Oracle Corporation Java 17.0.2)
[debug] Load.defaultLoad until apply took 398.177608ms
[debug]           Load.loadUnit: plugins took 78.682413ms
[debug]           Load.loadUnit: defsScala took 0.271874ms
[debug] [Loading] Scanning directory /Users/krzysiektluszcz/IdeaProjects/lab05/project
[debug] [Loading] Found non-root projects 
[debug] [Loading] Done in /Users/krzysiektluszcz/IdeaProjects/lab05/project, returning: ()
[debug] deducing auto plugins based on known facts Set(Atom(sbt.plugins.CorePlugin)) and clauses Clauses(Clause(Atom(sbt.plugins.JvmPlugin),Set(Atom(sbt.plugins.IvyPlugin)))
[debug] Clause(Atom(sbt.ScriptedPlugin),Set(Atom(sbt.plugins.JvmPlugin)))
[debug] Clause(Atom(sbt.plugins.SbtPlugin),Set(Atom(sbt.ScriptedPlugin)))
[debug] Clause(Atom(sbt.plugins.SemanticdbPlugin),Set(Atom(sbt.plugins.JvmPlugin)))
[debug] Clause(Atom(sbt.plugins.JUnitXmlReportPlugin),Set(Atom(sbt.plugins.JvmPlugin)))
[debug] Clause(Atom(sbt.plugins.MiniDependencyTreePlugin),Set(Atom(sbt.plugins.JvmPlugin)))
[debug] Clause(Atom(sbt.plugins.CorePlugin),Set(Atom(sbt.plugins.IvyPlugin)))
[debug] Clause(Atom(sbt.plugins.IvyPlugin),Set(Atom(sbt.plugins.JvmPlugin)))
[debug] Clause(Atom(sbt.plugins.JvmPlugin),Set(Atom(sbt.plugins.SemanticdbPlugin)))
[debug] Clause(Atom(sbt.plugins.JvmPlugin),Set(Atom(sbt.plugins.JUnitXmlReportPlugin)))
[debug] Clause(Atom(sbt.plugins.CorePlugin),Set(Atom(sbt.plugins.Giter8TemplatePlugin)))
[debug] Clause(Atom(sbt.plugins.JvmPlugin),Set(Atom(sbt.plugins.MiniDependencyTreePlugin))))
[debug]   :: deduced result: Matched(sbt.plugins.CorePlugin,sbt.plugins.Giter8TemplatePlugin,sbt.plugins.IvyPlugin,sbt.plugins.JvmPlugin,sbt.plugins.MiniDependencyTreePlugin,sbt.plugins.JUnitXmlReportPlugin,sbt.plugins.SemanticdbPlugin)
[debug] Plugins.deducer#function took 19.743997 ms
[debug]               Load.resolveProject(lab05-build) took 57.749443ms
[debug]             Load.loadTransitive: finalizeProject(Project(id lab05-build, base: /Users/krzysiektluszcz/IdeaProjects/lab05/project, plugins: List(<none>))) took 119.554084ms
[debug] [Loading] Done in /Users/krzysiektluszcz/IdeaProjects/lab05/project, returning: (lab05-build)
[debug]           Load.loadUnit: loadedProjectsRaw took 145.540031ms
[debug]           Load.loadUnit: cleanEvalClasses took 0.327916ms
[debug]         Load.loadUnit(file:/Users/krzysiektluszcz/IdeaProjects/lab05/project/, ...) took 230.576338ms
[debug]       Load.apply: load took 599.114672ms
[debug]       Load.apply: resolveProjects took 6.56588ms
[debug]       Load.apply: finalTransforms took 62.092737ms
[debug]       Load.apply: config.delegates took 6.677426ms
[debug]       Load.apply: Def.make(settings)... took 393.28884ms
[debug]       Load.apply: structureIndex took 113.640811ms
[debug]       Load.apply: mkStreams took 1.444168ms
[info] loading project definition from /Users/krzysiektluszcz/IdeaProjects/lab05/project
[debug] Running task... Cancel: Signal, check cycles: false, forcegc: true
[debug]     Load.loadUnit: plugins took 2740.616877ms
[debug]     Load.loadUnit: defsScala took 0.004627ms
[debug] [Loading] Scanning directory /Users/krzysiektluszcz/IdeaProjects/lab05
[debug]       Load.loadUnit: mkEval took 5.309989ms
[debug] [Loading] Found root project root w/ remaining 
[debug] deducing auto plugins based on known facts Set(Atom(sbt.plugins.CorePlugin)) and clauses Clauses(Clause(Atom(sbt.plugins.JvmPlugin),Set(Atom(sbt.plugins.IvyPlugin)))
[debug] Clause(Atom(sbt.ScriptedPlugin),Set(Atom(sbt.plugins.JvmPlugin)))
[debug] Clause(Atom(sbt.plugins.SbtPlugin),Set(Atom(sbt.ScriptedPlugin)))
[debug] Clause(Atom(sbt.plugins.SemanticdbPlugin),Set(Atom(sbt.plugins.JvmPlugin)))
[debug] Clause(Atom(sbt.plugins.JUnitXmlReportPlugin),Set(Atom(sbt.plugins.JvmPlugin)))
[debug] Clause(Atom(sbt.plugins.MiniDependencyTreePlugin),Set(Atom(sbt.plugins.JvmPlugin)))
[debug] Clause(Atom(sbt.plugins.CorePlugin),Set(Atom(sbt.plugins.IvyPlugin)))
[debug] Clause(Atom(sbt.plugins.IvyPlugin),Set(Atom(sbt.plugins.JvmPlugin)))
[debug] Clause(Atom(sbt.plugins.JvmPlugin),Set(Atom(sbt.plugins.SemanticdbPlugin)))
[debug] Clause(Atom(sbt.plugins.JvmPlugin),Set(Atom(sbt.plugins.JUnitXmlReportPlugin)))
[debug] Clause(Atom(sbt.plugins.CorePlugin),Set(Atom(sbt.plugins.Giter8TemplatePlugin)))
[debug] Clause(Atom(sbt.plugins.JvmPlugin),Set(Atom(sbt.plugins.MiniDependencyTreePlugin))))
[debug]   :: deduced result: Matched(sbt.plugins.CorePlugin,sbt.plugins.Giter8TemplatePlugin,sbt.plugins.IvyPlugin,sbt.plugins.JvmPlugin,sbt.plugins.MiniDependencyTreePlugin,sbt.plugins.JUnitXmlReportPlugin,sbt.plugins.SemanticdbPlugin)
[debug] Plugins.deducer#function took 1.995405 ms
[info] loading settings for project root from build.sbt ...
[debug]         Load.resolveProject(root) took 3.324136ms
[debug]       Load.loadTransitive: finalizeProject(Project(id root, base: /Users/krzysiektluszcz/IdeaProjects/lab05, plugins: List(<none>))) took 6.577386ms
[debug] [Loading] Done in /Users/krzysiektluszcz/IdeaProjects/lab05, returning: (root)
[debug]     Load.loadUnit: loadedProjectsRaw took 2453.807272ms
[debug]     Load.loadUnit: cleanEvalClasses took 4.611396ms
[debug]   Load.loadUnit(file:/Users/krzysiektluszcz/IdeaProjects/lab05/, ...) took 5200.847057ms
[debug] Load.apply: load took 5222.730383ms
[debug] Load.apply: resolveProjects took 0.126703ms
[debug] Load.apply: finalTransforms took 18.625401ms
[debug] Load.apply: config.delegates took 0.413369ms
[debug] Load.apply: Def.make(settings)... took 130.476821ms
[debug] Load.apply: structureIndex took 59.391755ms
[debug] Load.apply: mkStreams took 0.002944ms
[info] set current project to lab05 (in build file:/Users/krzysiektluszcz/IdeaProjects/lab05/)
